<?xml version="1.0" encoding="UTF-8"?>
<!-- Generated by org.testng.reporters.JUnitXMLReporter -->
<testsuite ignored="0" hostname="DESKTOP-TFS32G0" failures="1" tests="8" name="Test" time="63.575" errors="0" timestamp="11 Jun 2022 07:02:22 GMT">
  <testcase classname="org.adacitin.scenario.Iannota" name="me" time="0.015"/>
  <testcase classname="org.adacitin.scenario.Iannota" name="me1" time="0.002"/>
  <testcase classname="org.adacitin.scenario.Iannota" name="me2" time="0.002">
    <skipped/>
  </testcase> <!-- me2 -->
  <testcase classname="org.adacitin.scenario.Iannota" name="me2" time="0.001">
    <skipped/>
  </testcase> <!-- me2 -->
  <testcase classname="org.adacitin.scenario.Iannota" name="me2" time="0.001">
    <skipped/>
  </testcase> <!-- me2 -->
  <testcase classname="org.adacitin.scenario.Iannota" name="me2" time="0.001">
    <skipped/>
  </testcase> <!-- me2 -->
  <testcase classname="org.adacitin.scenario.Iannota" name="me2" time="0.001">
    <skipped/>
  </testcase> <!-- me2 -->
  <testcase classname="org.adacitin.scenario.Iannota" name="me2" time="0.002">
    <failure type="java.lang.AssertionError" message="expected [true] but found [false]">
      <![CDATA[java.lang.AssertionError: expected [true] but found [false]
at org.adacitin.scenario.Iannota.me2(Iannota.java:21)
... Removed 29 stack frames]]>
    </failure>
  </testcase> <!-- me2 -->
</testsuite> <!-- Test -->
