<?xml version="1.0" encoding="UTF-8"?>
<testng-results ignored="0" total="3" passed="2" failed="1" skipped="0">
  <reporter-output>
  </reporter-output>
  <suite started-at="2022-06-11T07:08:56Z" name="Default suite" finished-at="2022-06-11T07:09:12Z" duration-ms="15526">
    <groups>
    </groups>
    <test started-at="2022-06-11T07:08:56Z" name="Default test" finished-at="2022-06-11T07:09:12Z" duration-ms="15526">
      <class name="org.adacitin.scenario.Iannota">
        <test-method is-config="true" signature="loadURL()[pri:0, instance:org.adacitin.scenario.Iannota@45312be2]" started-at="2022-06-11T07:08:56Z" name="loadURL" finished-at="2022-06-11T07:09:02Z" duration-ms="5856" status="PASS">
          <reporter-output>
          </reporter-output>
        </test-method> <!-- loadURL -->
        <test-method signature="me()[pri:0, instance:org.adacitin.scenario.Iannota@45312be2]" started-at="2022-06-11T07:09:02Z" name="me" finished-at="2022-06-11T07:09:02Z" duration-ms="9" status="PASS">
          <reporter-output>
          </reporter-output>
        </test-method> <!-- me -->
        <test-method is-config="true" signature="tearDown(org.testng.ITestResult)[pri:0, instance:org.adacitin.scenario.Iannota@45312be2]" started-at="2022-06-11T07:09:02Z" name="tearDown" finished-at="2022-06-11T07:09:02Z" duration-ms="3" status="PASS">
          <params>
            <param index="0">
              <value>
                <![CDATA[[TestResult name=me status=SUCCESS method=Iannota.me()[pri:0, instance:org.adacitin.scenario.Iannota@45312be2] output={null}]]]>
              </value>
            </param>
          </params>
          <reporter-output>
          </reporter-output>
        </test-method> <!-- tearDown -->
        <test-method is-config="true" signature="loadURL()[pri:0, instance:org.adacitin.scenario.Iannota@45312be2]" started-at="2022-06-11T07:09:02Z" name="loadURL" finished-at="2022-06-11T07:09:07Z" duration-ms="4574" status="PASS">
          <reporter-output>
          </reporter-output>
        </test-method> <!-- loadURL -->
        <test-method signature="me1()[pri:0, instance:org.adacitin.scenario.Iannota@45312be2]" started-at="2022-06-11T07:09:07Z" name="me1" finished-at="2022-06-11T07:09:07Z" duration-ms="2" status="PASS">
          <reporter-output>
          </reporter-output>
        </test-method> <!-- me1 -->
        <test-method is-config="true" signature="tearDown(org.testng.ITestResult)[pri:0, instance:org.adacitin.scenario.Iannota@45312be2]" started-at="2022-06-11T07:09:07Z" name="tearDown" finished-at="2022-06-11T07:09:07Z" duration-ms="1" status="PASS">
          <params>
            <param index="0">
              <value>
                <![CDATA[[TestResult name=me1 status=SUCCESS method=Iannota.me1()[pri:0, instance:org.adacitin.scenario.Iannota@45312be2] output={null}]]]>
              </value>
            </param>
          </params>
          <reporter-output>
          </reporter-output>
        </test-method> <!-- tearDown -->
        <test-method is-config="true" signature="loadURL()[pri:0, instance:org.adacitin.scenario.Iannota@45312be2]" started-at="2022-06-11T07:09:07Z" name="loadURL" finished-at="2022-06-11T07:09:12Z" duration-ms="5025" status="PASS">
          <reporter-output>
          </reporter-output>
        </test-method> <!-- loadURL -->
        <test-method signature="me2()[pri:0, instance:org.adacitin.scenario.Iannota@45312be2]" started-at="2022-06-11T07:09:12Z" name="me2" finished-at="2022-06-11T07:09:12Z" duration-ms="5" status="FAIL">
          <exception class="java.lang.AssertionError">
            <message>
              <![CDATA[expected [true] but found [false]]]>
            </message>
            <full-stacktrace>
              <![CDATA[java.lang.AssertionError: expected [true] but found [false]
at org.testng.Assert.fail(Assert.java:96)
at org.testng.Assert.failNotEquals(Assert.java:776)
at org.testng.Assert.assertTrue(Assert.java:44)
at org.testng.Assert.assertTrue(Assert.java:54)
at org.adacitin.scenario.Iannota.me2(Iannota.java:21)
at java.base/jdk.internal.reflect.NativeMethodAccessorImpl.invoke0(Native Method)
at java.base/jdk.internal.reflect.NativeMethodAccessorImpl.invoke(NativeMethodAccessorImpl.java:78)
at java.base/jdk.internal.reflect.DelegatingMethodAccessorImpl.invoke(DelegatingMethodAccessorImpl.java:43)
at java.base/java.lang.reflect.Method.invoke(Method.java:567)
at org.testng.internal.MethodInvocationHelper.invokeMethod(MethodInvocationHelper.java:124)
at org.testng.internal.Invoker.invokeMethod(Invoker.java:583)
at org.testng.internal.Invoker.invokeTestMethod(Invoker.java:719)
at org.testng.internal.Invoker.invokeTestMethods(Invoker.java:989)
at org.testng.internal.TestMethodWorker.invokeTestMethods(TestMethodWorker.java:125)
at org.testng.internal.TestMethodWorker.run(TestMethodWorker.java:109)
at org.testng.TestRunner.privateRun(TestRunner.java:648)
at org.testng.TestRunner.run(TestRunner.java:505)
at org.testng.SuiteRunner.runTest(SuiteRunner.java:455)
at org.testng.SuiteRunner.runSequentially(SuiteRunner.java:450)
at org.testng.SuiteRunner.privateRun(SuiteRunner.java:415)
at org.testng.SuiteRunner.run(SuiteRunner.java:364)
at org.testng.SuiteRunnerWorker.runSuite(SuiteRunnerWorker.java:52)
at org.testng.SuiteRunnerWorker.run(SuiteRunnerWorker.java:84)
at org.testng.TestNG.runSuitesSequentially(TestNG.java:1208)
at org.testng.TestNG.runSuitesLocally(TestNG.java:1137)
at org.testng.TestNG.runSuites(TestNG.java:1049)
at org.testng.TestNG.run(TestNG.java:1017)
at org.testng.remote.AbstractRemoteTestNG.run(AbstractRemoteTestNG.java:115)
at org.testng.remote.RemoteTestNG.initAndRun(RemoteTestNG.java:251)
at org.testng.remote.RemoteTestNG.main(RemoteTestNG.java:77)
]]>
            </full-stacktrace>
          </exception> <!-- java.lang.AssertionError -->
          <reporter-output>
          </reporter-output>
        </test-method> <!-- me2 -->
        <test-method is-config="true" signature="tearDown(org.testng.ITestResult)[pri:0, instance:org.adacitin.scenario.Iannota@45312be2]" started-at="2022-06-11T07:09:12Z" name="tearDown" finished-at="2022-06-11T07:09:12Z" duration-ms="1" status="PASS">
          <params>
            <param index="0">
              <value>
                <![CDATA[[TestResult name=me2 status=FAILURE method=Iannota.me2()[pri:0, instance:org.adacitin.scenario.Iannota@45312be2] output={null}]]]>
              </value>
            </param>
          </params>
          <reporter-output>
          </reporter-output>
        </test-method> <!-- tearDown -->
      </class> <!-- org.adacitin.scenario.Iannota -->
    </test> <!-- Default test -->
  </suite> <!-- Default suite -->
</testng-results>
